<?xml version="1.0" encoding="UTF-8"?>
<testsuite xmlns:xsi="http://www.w3.org/2001/XMLSchema-instance" xsi:noNamespaceSchemaLocation="https://maven.apache.org/surefire/maven-surefire-plugin/xsd/surefire-test-report.xsd" name="ru.job4j.io.ArgsNameTest" time="0.001" tests="4" errors="0" skipped="0" failures="0">
  <properties>
[...]
</properties>
  <testcase name="whenGetFirstReorder" classname="ru.job4j.io.ArgsNameTest" time="0"/>
  <testcase name="whenWrongSomeArgument" classname="ru.job4j.io.ArgsNameTest" time="0"/>
  <testcase name="whenGetFirst" classname="ru.job4j.io.ArgsNameTest" time="0"/>
  <testcase name="whenGetNotExist" classname="ru.job4j.io.ArgsNameTest" time="0.001"/>
</testsuite>